<?xml version="1.0" encoding="UTF-8"?>
<!-- Generated by org.testng.reporters.JUnitXMLReporter -->
<testsuite hostname="LM-SFA-11013904" ignored="0" name="Test" tests="6" failures="1" timestamp="22 Jul 2019 19:25:04 GMT" time="0.089" errors="0">
  <testcase name="testFirst" time="0.008" classname="listeners.TestNGListenerDemo"/>
  <testcase name="testSecond" time="0.005" classname="listeners.TestNGListenerDemo">
    <failure type="java.lang.AssertionError">
      <![CDATA[java.lang.AssertionError: 
at listeners.TestNGListenerDemo.testSecond(TestNGListenerDemo.java:21)
... Removed 28 stack frames]]>
    </failure>
  </testcase> <!-- testSecond -->
  <testcase name="testThird" time="0.004" classname="listeners.TestNGListenerDemo">
    <skipped/>
  </testcase> <!-- testThird -->
  <testcase name="test1" time="0.002" classname="listeners.TestNGListenerDemo2"/>
  <testcase name="test2" time="0.002" classname="listeners.TestNGListenerDemo2"/>
  <testcase name="test3" time="0.003" classname="listeners.TestNGListenerDemo2">
    <skipped/>
  </testcase> <!-- test3 -->
</testsuite> <!-- Test -->
