<?xml version="1.0" encoding="UTF-8"?>
<!-- Generated by org.testng.reporters.JUnitXMLReporter -->
<testsuite hostname="LM-SFA-11013904" ignored="0" name="Default test" tests="3" failures="0" timestamp="22 Jul 2019 19:11:11 GMT" time="0.075" errors="0">
  <testcase name="testFirst" time="0.009" classname="listeners.TestNGListenerDemo"/>
  <testcase name="testSecond" time="0.001" classname="listeners.TestNGListenerDemo"/>
  <testcase name="testThird" time="0.001" classname="listeners.TestNGListenerDemo">
    <skipped/>
  </testcase> <!-- testThird -->
</testsuite> <!-- Default test -->
